[0m[[0m[0mdebug[0m] [0m[0m> Exec(testOnly practice.mwTests -- -DwriteVcd=1, Some(b9c7bd56-080f-4f2b-9ea4-9ba91b0a8f79), Some(CommandSource(console0)))[0m
[0m[[0m[0mdebug[0m] [0m[0mEvaluating tasks: Test / testOnly[0m
[0m[[0m[0mdebug[0m] [0m[0mRunning task... Cancel: Signal, check cycles: false, forcegc: true[0m
[0m[[0m[0minfo[0m] [0m[0m[32mmwTests:[0m[0m
[0m[[0m[0minfo[0m] [0m[0m[31m- mw *** FAILED ***[0m[0m
[0m[[0m[0minfo[0m] [0m[0m[31m  java.lang.AssertionError: assertion failed: verilator command failed on circuit mw in work dir test_run_dir/mw[0m[0m
[0m[[0m[0minfo[0m] [0m[0m[31m  at scala.Predef$.assert(Predef.scala:223)[0m[0m
[0m[[0m[0minfo[0m] [0m[0m[31m  at chisel3.assert$.apply(Assert.scala:70)[0m[0m
[0m[[0m[0minfo[0m] [0m[0m[31m  at chiseltest.legacy.backends.verilator.VerilatorExecutive$.start(VerilatorExecutive.scala:111)[0m[0m
[0m[[0m[0minfo[0m] [0m[0m[31m  at chiseltest.defaults.package$.createDefaultTester(defaults.scala:24)[0m[0m
[0m[[0m[0minfo[0m] [0m[0m[31m  at chiseltest.ChiselScalatestTester$TestBuilder.apply(ChiselScalatestTester.scala:33)[0m[0m
[0m[[0m[0minfo[0m] [0m[0m[31m  at practice.mwTests.$anonfun$new$1(mwTests.scala:18)[0m[0m
[0m[[0m[0minfo[0m] [0m[0m[31m  at scala.runtime.java8.JFunction0$mcV$sp.apply(JFunction0$mcV$sp.java:23)[0m[0m
[0m[[0m[0minfo[0m] [0m[0m[31m  at org.scalatest.OutcomeOf.outcomeOf(OutcomeOf.scala:85)[0m[0m
[0m[[0m[0minfo[0m] [0m[0m[31m  at org.scalatest.OutcomeOf.outcomeOf$(OutcomeOf.scala:83)[0m[0m
[0m[[0m[0minfo[0m] [0m[0m[31m  at org.scalatest.OutcomeOf$.outcomeOf(OutcomeOf.scala:104)[0m[0m
[0m[[0m[0minfo[0m] [0m[0m[31m  ...[0m[0m
[0m[[0m[0minfo[0m] [0m[0m[36mRun completed in 1 second, 813 milliseconds.[0m[0m
[0m[[0m[0minfo[0m] [0m[0m[36mTotal number of tests run: 1[0m[0m
[0m[[0m[0minfo[0m] [0m[0m[36mSuites: completed 1, aborted 0[0m[0m
[0m[[0m[0minfo[0m] [0m[0m[36mTests: succeeded 0, failed 1, canceled 0, ignored 0, pending 0[0m[0m
[0m[[0m[0minfo[0m] [0m[0m[31m*** 1 TEST FAILED ***[0m[0m
[0m[[0m[31merror[0m] [0m[0mFailed tests:[0m
[0m[[0m[31merror[0m] [0m[0m	practice.mwTests[0m
[0m[[0m[31merror[0m] [0m[0m(Test / [31mtestOnly[0m) sbt.TestsFailedException: Tests unsuccessful[0m
[0m[[0m[31merror[0m] [0m[0mTotal time: 2 s, completed Oct 2, 2021, 12:07:56 PM[0m
[0m[[0m[0mdebug[0m] [0m[0m> Exec(shell, None, None)[0m
[0m[[0m[0mdebug[0m] [0m[0mForcing garbage collection...[0m
